[2022-02-15T09:09:44.368152+01:00] flutterwave/rave.NOTICE: Generating Reference Number.... [] []
[2022-02-15T09:09:44.396144+01:00] flutterwave/rave.NOTICE: Generated Reference Number....MICKEY_5a22a7f270abc8879 [] []
[2022-02-15T09:09:44.396315+01:00] flutterwave/rave.NOTICE: Rave Class Initializes.... [] []
[2022-02-15T09:09:44.396436+01:00] flutterwave/rave.NOTICE: Generating Checksum.... [] []
[2022-02-15T09:10:57.008429+01:00] flutterwave/rave.NOTICE: Generating Reference Number.... [] []
[2022-02-15T09:10:57.011034+01:00] flutterwave/rave.NOTICE: Generated Reference Number....MICKEY_5a22a7f270abc8879 [] []
[2022-02-15T09:10:57.013834+01:00] flutterwave/rave.NOTICE: Rave Class Initializes.... [] []
[2022-02-15T09:10:57.014013+01:00] flutterwave/rave.NOTICE: Generating Checksum.... [] []
[2022-02-15T09:11:10.894080+01:00] flutterwave/rave.NOTICE: Generating Reference Number.... [] []
[2022-02-15T09:11:10.897275+01:00] flutterwave/rave.NOTICE: Generated Reference Number....TP_620b601edb0e7 [] []
[2022-02-15T09:11:10.897386+01:00] flutterwave/rave.NOTICE: Rave Class Initializes.... [] []
[2022-02-15T09:11:10.897465+01:00] flutterwave/rave.NOTICE: Payment was canceled by user..TP_620b601edb0e7 [] []
[2022-02-15T09:11:35.960590+01:00] flutterwave/rave.NOTICE: Generating Reference Number.... [] []
[2022-02-15T09:11:35.964392+01:00] flutterwave/rave.NOTICE: Generated Reference Number....TP_620b6037eb70d [] []
[2022-02-15T09:11:35.964538+01:00] flutterwave/rave.NOTICE: Rave Class Initializes.... [] []
[2022-02-15T09:11:35.964643+01:00] flutterwave/rave.NOTICE: Payment completed. Now requerying payment. [] []
[2022-02-15T09:11:35.964742+01:00] flutterwave/rave.NOTICE: Requerying Transaction....3133558 [] []
[2022-02-15T09:37:53.726057+01:00] flutterwave/rave.NOTICE: Generating Reference Number.... [] []
[2022-02-15T09:37:53.732889+01:00] flutterwave/rave.NOTICE: Generated Reference Number....MICKEY_5a22a7f270abc8879 [] []
[2022-02-15T09:37:53.733007+01:00] flutterwave/rave.NOTICE: Rave Class Initializes.... [] []
[2022-02-15T09:37:53.733094+01:00] flutterwave/rave.NOTICE: Generating Checksum.... [] []
[2022-02-15T09:38:00.426172+01:00] flutterwave/rave.NOTICE: Generating Reference Number.... [] []
[2022-02-15T09:38:00.430565+01:00] flutterwave/rave.NOTICE: Generated Reference Number....TP_620b6668691ce [] []
[2022-02-15T09:38:00.430671+01:00] flutterwave/rave.NOTICE: Rave Class Initializes.... [] []
[2022-02-15T09:38:00.430750+01:00] flutterwave/rave.NOTICE: Payment was canceled by user..TP_620b6668691ce [] []
[2022-02-15T09:38:20.598441+01:00] flutterwave/rave.NOTICE: Generating Reference Number.... [] []
[2022-02-15T09:38:20.602358+01:00] flutterwave/rave.NOTICE: Generated Reference Number....TP_620b667c930e1 [] []
[2022-02-15T09:38:20.602465+01:00] flutterwave/rave.NOTICE: Rave Class Initializes.... [] []
[2022-02-15T09:38:20.602544+01:00] flutterwave/rave.NOTICE: Payment was canceled by user..TP_620b667c930e1 [] []
[2022-02-15T09:38:39.710554+01:00] flutterwave/rave.NOTICE: Generating Reference Number.... [] []
[2022-02-15T09:38:39.714921+01:00] flutterwave/rave.NOTICE: Generated Reference Number....TP_620b668fae897 [] []
[2022-02-15T09:38:39.715023+01:00] flutterwave/rave.NOTICE: Rave Class Initializes.... [] []
[2022-02-15T09:38:39.715091+01:00] flutterwave/rave.NOTICE: Payment was canceled by user..TP_620b668fae897 [] []
[2022-02-15T09:39:22.864824+01:00] flutterwave/rave.NOTICE: Generating Reference Number.... [] []
[2022-02-15T09:39:22.871371+01:00] flutterwave/rave.NOTICE: Generated Reference Number....TP_620b66bad4bb8 [] []
[2022-02-15T09:39:22.871490+01:00] flutterwave/rave.NOTICE: Rave Class Initializes.... [] []
[2022-02-15T09:39:22.871551+01:00] flutterwave/rave.NOTICE: Payment completed. Now requerying payment. [] []
[2022-02-15T09:39:22.871604+01:00] flutterwave/rave.NOTICE: Requerying Transaction....3133613 [] []
[2022-02-15T10:50:49.033128+01:00] flutterwave/rave.NOTICE: Generating Reference Number.... [] []
[2022-02-15T10:50:49.035532+01:00] flutterwave/rave.NOTICE: Generated Reference Number....MICKEY_5a22a7f270abc8879 [] []
[2022-02-15T10:50:49.035653+01:00] flutterwave/rave.NOTICE: Rave Class Initializes.... [] []
[2022-02-15T10:50:49.035726+01:00] flutterwave/rave.NOTICE: Generating Checksum.... [] []
[2022-02-15T10:51:20.898113+01:00] flutterwave/rave.NOTICE: Generating Reference Number.... [] []
[2022-02-15T10:51:20.902499+01:00] flutterwave/rave.NOTICE: Generated Reference Number....TP_620b7798dc54f [] []
[2022-02-15T10:51:20.902600+01:00] flutterwave/rave.NOTICE: Rave Class Initializes.... [] []
[2022-02-15T10:51:20.902680+01:00] flutterwave/rave.NOTICE: Payment completed. Now requerying payment. [] []
[2022-02-15T10:51:20.902749+01:00] flutterwave/rave.NOTICE: Requerying Transaction....3133832 [] []
[2022-02-15T10:51:21.728257+01:00] flutterwave/rave.NOTICE: Requeryed a successful transaction....{"id":3133832,"tx_ref":"MICKEY_5a22a7f270abc8879","flw_ref":"3284955259","device_fingerprint":"5e197735a05600250921ec628da78238","amount":100,"currency":"KES","charged_amount":100,"app_fee":2.9,"merchant_fee":0,"processor_response":"Successful","auth_model":"LIPA_MPESA","ip":"41.80.29.228","narration":"FLW-PBF MPESA Transaction ","status":"successful","payment_type":"mpesa","created_at":"2022-02-15T09:51:05.000Z","account_id":1693588,"meta":{"__CheckoutInitAddress":"http:\/\/localhost:8011\/src\/API\/processPayment.php"},"amount_settled":97.1,"customer":{"id":1523301,"name":"Jan Nelson","phone_number":"254701418084","email":"jn4708@gmail.com","created_at":"2022-02-15T09:51:04.000Z"}} [] []
[2022-02-15T17:42:58.840716+01:00] flutterwave/rave.NOTICE: Generating Reference Number.... [] []
[2022-02-15T17:42:58.847938+01:00] flutterwave/rave.NOTICE: Generated Reference Number....JN_5a22a7f270abc8879 [] []
[2022-02-15T17:42:58.848013+01:00] flutterwave/rave.NOTICE: Rave Class Initializes.... [] []
[2022-02-15T17:42:58.848063+01:00] flutterwave/rave.NOTICE: Generating Checksum.... [] []
[2022-02-15T17:43:26.764535+01:00] flutterwave/rave.NOTICE: Generating Reference Number.... [] []
[2022-02-15T17:43:26.766731+01:00] flutterwave/rave.NOTICE: Generated Reference Number....TP_620bd82ebb2fb [] []
[2022-02-15T17:43:26.766808+01:00] flutterwave/rave.NOTICE: Rave Class Initializes.... [] []
[2022-02-15T17:43:26.766850+01:00] flutterwave/rave.NOTICE: Payment completed. Now requerying payment. [] []
[2022-02-15T17:43:26.766887+01:00] flutterwave/rave.NOTICE: Requerying Transaction....3135104 [] []
[2022-02-15T17:43:27.617339+01:00] flutterwave/rave.NOTICE: Requeryed a successful transaction....{"id":3135104,"tx_ref":"JN_5a22a7f270abc8879","flw_ref":"4469872693","device_fingerprint":"5e197735a05600250921ec628da78238","amount":100,"currency":"KES","charged_amount":100,"app_fee":2.9,"merchant_fee":0,"processor_response":"Successful","auth_model":"LIPA_MPESA","ip":"41.80.29.228","narration":"FLW-PBF MPESA Transaction ","status":"successful","payment_type":"mpesa","created_at":"2022-02-15T16:43:10.000Z","account_id":1693588,"meta":{"__CheckoutInitAddress":"http:\/\/localhost:8011\/src\/API\/processPayment.php"},"amount_settled":97.1,"customer":{"id":1523301,"name":"Jan Nelson","phone_number":"254701418084","email":"jn4708@gmail.com","created_at":"2022-02-15T09:51:04.000Z"}} [] []
[2022-02-15T17:48:53.916311+01:00] flutterwave/rave.NOTICE: Generating Reference Number.... [] []
[2022-02-15T17:48:53.920627+01:00] flutterwave/rave.NOTICE: Generated Reference Number....JN_5a22a7f270abc8879 [] []
[2022-02-15T17:48:53.920756+01:00] flutterwave/rave.NOTICE: Rave Class Initializes.... [] []
[2022-02-15T17:48:53.920857+01:00] flutterwave/rave.NOTICE: Generating Checksum.... [] []
[2022-02-15T17:49:11.870620+01:00] flutterwave/rave.NOTICE: Generating Reference Number.... [] []
[2022-02-15T17:49:11.873497+01:00] flutterwave/rave.NOTICE: Generated Reference Number....TP_620bd987d5408 [] []
[2022-02-15T17:49:11.873588+01:00] flutterwave/rave.NOTICE: Rave Class Initializes.... [] []
[2022-02-15T17:49:11.873659+01:00] flutterwave/rave.NOTICE: Payment completed. Now requerying payment. [] []
[2022-02-15T17:49:11.873725+01:00] flutterwave/rave.NOTICE: Requerying Transaction....3135109 [] []
[2022-02-15T17:49:13.019033+01:00] flutterwave/rave.NOTICE: Requeryed a successful transaction....{"id":3135109,"tx_ref":"JN_5a22a7f270abc8879","flw_ref":"7638925285","device_fingerprint":"5e197735a05600250921ec628da78238","amount":100,"currency":"KES","charged_amount":100,"app_fee":2.9,"merchant_fee":0,"processor_response":"Successful","auth_model":"LIPA_MPESA","ip":"41.80.29.228","narration":"FLW-PBF MPESA Transaction ","status":"successful","payment_type":"mpesa","created_at":"2022-02-15T16:49:01.000Z","account_id":1693588,"meta":{"__CheckoutInitAddress":"http:\/\/localhost:8011\/src\/API\/processPayment.php"},"amount_settled":97.1,"customer":{"id":1523301,"name":"Jan Nelson","phone_number":"254701418084","email":"jn4708@gmail.com","created_at":"2022-02-15T09:51:04.000Z"}} [] []
[2022-02-15T17:53:52.225289+01:00] flutterwave/rave.NOTICE: Generating Reference Number.... [] []
[2022-02-15T17:53:52.231187+01:00] flutterwave/rave.NOTICE: Generated Reference Number....JN_5a22a7f270abc8879 [] []
[2022-02-15T17:53:52.231300+01:00] flutterwave/rave.NOTICE: Rave Class Initializes.... [] []
[2022-02-15T17:53:52.231411+01:00] flutterwave/rave.NOTICE: Generating Checksum.... [] []
[2022-02-15T17:54:11.731598+01:00] flutterwave/rave.NOTICE: Generating Reference Number.... [] []
[2022-02-15T17:54:11.735261+01:00] flutterwave/rave.NOTICE: Generated Reference Number....TP_620bdab3b380b [] []
[2022-02-15T17:54:11.735354+01:00] flutterwave/rave.NOTICE: Rave Class Initializes.... [] []
[2022-02-15T17:54:11.735425+01:00] flutterwave/rave.NOTICE: Payment was canceled by user..TP_620bdab3b380b [] []
[2022-02-15T17:55:34.762952+01:00] flutterwave/rave.NOTICE: Generating Reference Number.... [] []
[2022-02-15T17:55:34.766029+01:00] flutterwave/rave.NOTICE: Generated Reference Number....JN_5a22a7f270abc8879 [] []
[2022-02-15T17:55:34.766118+01:00] flutterwave/rave.NOTICE: Rave Class Initializes.... [] []
[2022-02-15T17:55:34.766205+01:00] flutterwave/rave.NOTICE: Generating Checksum.... [] []
[2022-02-15T17:55:47.841968+01:00] flutterwave/rave.NOTICE: Generating Reference Number.... [] []
[2022-02-15T17:55:47.844607+01:00] flutterwave/rave.NOTICE: Generated Reference Number....JN_5a22a7f270abc8879 [] []
[2022-02-15T17:55:47.844711+01:00] flutterwave/rave.NOTICE: Rave Class Initializes.... [] []
[2022-02-15T17:55:47.844817+01:00] flutterwave/rave.NOTICE: Generating Checksum.... [] []
[2022-02-15T17:57:34.343562+01:00] flutterwave/rave.NOTICE: Generating Reference Number.... [] []
[2022-02-15T17:57:34.347785+01:00] flutterwave/rave.NOTICE: Generated Reference Number....TP_620bdb7e54e76 [] []
[2022-02-15T17:57:34.347880+01:00] flutterwave/rave.NOTICE: Rave Class Initializes.... [] []
[2022-02-15T17:57:34.347955+01:00] flutterwave/rave.NOTICE: Payment completed. Now requerying payment. [] []
[2022-02-15T17:57:34.348024+01:00] flutterwave/rave.NOTICE: Requerying Transaction....3135124 [] []
[2022-02-15T17:58:11.997229+01:00] flutterwave/rave.NOTICE: Generating Reference Number.... [] []
[2022-02-15T17:58:11.999620+01:00] flutterwave/rave.NOTICE: Generated Reference Number....TP_620bdba3f40b3 [] []
[2022-02-15T17:58:11.999714+01:00] flutterwave/rave.NOTICE: Rave Class Initializes.... [] []
[2022-02-15T17:58:11.999794+01:00] flutterwave/rave.NOTICE: Payment completed. Now requerying payment. [] []
[2022-02-15T17:58:11.999866+01:00] flutterwave/rave.NOTICE: Requerying Transaction....3135124 [] []
[2022-02-15T17:59:45.263000+01:00] flutterwave/rave.NOTICE: Generating Reference Number.... [] []
[2022-02-15T17:59:45.266976+01:00] flutterwave/rave.NOTICE: Generated Reference Number....JN_5a22a7f270abc8879 [] []
[2022-02-15T17:59:45.267046+01:00] flutterwave/rave.NOTICE: Rave Class Initializes.... [] []
[2022-02-15T17:59:45.267094+01:00] flutterwave/rave.NOTICE: Generating Checksum.... [] []
[2022-02-15T18:00:23.592047+01:00] flutterwave/rave.NOTICE: Generating Reference Number.... [] []
[2022-02-15T18:00:23.594492+01:00] flutterwave/rave.NOTICE: Generated Reference Number....JN_5a22a7f270abc8879 [] []
[2022-02-15T18:00:23.594595+01:00] flutterwave/rave.NOTICE: Rave Class Initializes.... [] []
[2022-02-15T18:00:23.594757+01:00] flutterwave/rave.NOTICE: Generating Checksum.... [] []
[2022-02-15T18:00:45.374913+01:00] flutterwave/rave.NOTICE: Generating Reference Number.... [] []
[2022-02-15T18:00:45.376227+01:00] flutterwave/rave.NOTICE: Generated Reference Number....TP_620bdc3d5bd99 [] []
[2022-02-15T18:00:45.376276+01:00] flutterwave/rave.NOTICE: Rave Class Initializes.... [] []
[2022-02-15T18:00:45.376311+01:00] flutterwave/rave.NOTICE: Payment completed. Now requerying payment. [] []
[2022-02-15T18:00:45.376343+01:00] flutterwave/rave.NOTICE: Requerying Transaction....3135136 [] []
[2022-02-15T18:00:46.751454+01:00] flutterwave/rave.NOTICE: Requeryed a successful transaction....{"id":3135136,"tx_ref":"JN_5a22a7f270abc8879","flw_ref":"FLW-MOCK-dc93a269a7fb8c6d47cc699e9ee107bd","device_fingerprint":"5e197735a05600250921ec628da78238","amount":100,"currency":"KES","charged_amount":100,"app_fee":3.8,"merchant_fee":0,"processor_response":"Approved. Successful","auth_model":"VBVSECURECODE","ip":"41.80.29.228","narration":"CARD Transaction ","status":"successful","payment_type":"card","created_at":"2022-02-15T17:00:38.000Z","account_id":1693588,"card":{"first_6digits":"418742","last_4digits":"4246","issuer":"ACCESS BANK PLC DEBIT CLASSIC","country":"NIGERIA NG","type":"VISA","token":"flw-t1nf-672dfa4ed455716890e93209c5bcbf67-m03k","expiry":"09\/32"},"meta":{"__CheckoutInitAddress":"http:\/\/localhost:8011\/src\/API\/processPayment.php"},"amount_settled":96.2,"customer":{"id":1523301,"name":"Jan Nelson","phone_number":"254701418084","email":"jn4708@gmail.com","created_at":"2022-02-15T09:51:04.000Z"}} [] []
[2022-02-15T18:03:09.191124+01:00] flutterwave/rave.NOTICE: Generating Reference Number.... [] []
[2022-02-15T18:03:09.194987+01:00] flutterwave/rave.NOTICE: Generated Reference Number....JN_5a22a7f270abc8879 [] []
[2022-02-15T18:03:09.195088+01:00] flutterwave/rave.NOTICE: Rave Class Initializes.... [] []
[2022-02-15T18:03:09.195169+01:00] flutterwave/rave.NOTICE: Generating Checksum.... [] []
[2022-02-15T18:03:18.636191+01:00] flutterwave/rave.NOTICE: Generating Reference Number.... [] []
[2022-02-15T18:03:18.638713+01:00] flutterwave/rave.NOTICE: Generated Reference Number....JP_5a22a7f270abc8879 [] []
[2022-02-15T18:03:18.638834+01:00] flutterwave/rave.NOTICE: Rave Class Initializes.... [] []
[2022-02-15T18:03:18.638926+01:00] flutterwave/rave.NOTICE: Generating Checksum.... [] []
[2022-02-15T18:03:45.055145+01:00] flutterwave/rave.NOTICE: Generating Reference Number.... [] []
[2022-02-15T18:03:45.058015+01:00] flutterwave/rave.NOTICE: Generated Reference Number....TP_620bdcf10e288 [] []
[2022-02-15T18:03:45.058142+01:00] flutterwave/rave.NOTICE: Rave Class Initializes.... [] []
[2022-02-15T18:03:45.058241+01:00] flutterwave/rave.NOTICE: Payment completed. Now requerying payment. [] []
[2022-02-15T18:03:45.058339+01:00] flutterwave/rave.NOTICE: Requerying Transaction....3135142 [] []
[2022-02-15T18:03:46.359121+01:00] flutterwave/rave.NOTICE: Requeryed a successful transaction....{"id":3135142,"tx_ref":"JP_5a22a7f270abc8879","flw_ref":"3306121438","device_fingerprint":"5e197735a05600250921ec628da78238","amount":100,"currency":"KES","charged_amount":100,"app_fee":2.9,"merchant_fee":0,"processor_response":"Successful","auth_model":"LIPA_MPESA","ip":"41.80.29.228","narration":"FLW-PBF MPESA Transaction ","status":"successful","payment_type":"mpesa","created_at":"2022-02-15T17:03:32.000Z","account_id":1693588,"meta":{"__CheckoutInitAddress":"http:\/\/localhost:8011\/src\/API\/processPayment.php"},"amount_settled":97.1,"customer":{"id":1523301,"name":"Jan Nelson","phone_number":"254701418084","email":"jn4708@gmail.com","created_at":"2022-02-15T09:51:04.000Z"}} [] []
