[2022-01-14T15:07:11.533865+03:00] flutterwave/rave.NOTICE: Generating Reference Number.... [] []
[2022-01-14T15:07:11.535945+03:00] flutterwave/rave.NOTICE: Generated Reference Number....MICKEY_5a22a7f270abc8879 [] []
[2022-01-14T15:07:11.536041+03:00] flutterwave/rave.NOTICE: Rave Class Initializes.... [] []
[2022-01-14T15:07:11.536211+03:00] flutterwave/rave.NOTICE: Generating Checksum.... [] []
[2022-01-14T15:07:36.919974+03:00] flutterwave/rave.NOTICE: Generating Reference Number.... [] []
[2022-01-14T15:07:36.920210+03:00] flutterwave/rave.NOTICE: Generated Reference Number....TP_61e16788e0a86 [] []
[2022-01-14T15:07:36.920455+03:00] flutterwave/rave.NOTICE: Rave Class Initializes.... [] []
[2022-01-14T15:07:36.920502+03:00] flutterwave/rave.NOTICE: Payment completed. Now requerying payment. [] []
[2022-01-14T15:07:36.920541+03:00] flutterwave/rave.NOTICE: Requerying Transaction....2822518 [] []
[2022-01-14T15:07:38.012908+03:00] flutterwave/rave.NOTICE: Requeryed a successful transaction....{"id":2822518,"tx_ref":"MICKEY_5a22a7f270abc8879","flw_ref":"9932390410","device_fingerprint":"c4b26a9b0912c1aba8f713b8e775e2ae","amount":200,"currency":"KES","charged_amount":200,"app_fee":5.8,"merchant_fee":0,"processor_response":"Successful","auth_model":"LIPA_MPESA","ip":"105.163.1.14","narration":"FLW-PBF MPESA Transaction ","status":"successful","payment_type":"mpesa","created_at":"2022-01-14T12:07:25.000Z","account_id":1314120,"meta":{"__CheckoutInitAddress":"http:\/\/localhost:4000\/processPayment.php"},"amount_settled":194.2,"customer":{"id":1491222,"name":"Mickey Orwa","phone_number":"254798184724","email":"mjoel4708@gmail.com","created_at":"2022-01-14T12:07:25.000Z"}} [] []
[2022-01-14T15:08:41.992721+03:00] flutterwave/rave.NOTICE: Generating Reference Number.... [] []
[2022-01-14T15:08:41.993240+03:00] flutterwave/rave.NOTICE: Generated Reference Number....MICKEY_5a22a7f270abc8879 [] []
[2022-01-14T15:08:41.993421+03:00] flutterwave/rave.NOTICE: Rave Class Initializes.... [] []
[2022-01-14T15:08:41.993533+03:00] flutterwave/rave.NOTICE: Generating Checksum.... [] []
[2022-01-14T15:09:12.966224+03:00] flutterwave/rave.NOTICE: Generating Reference Number.... [] []
[2022-01-14T15:09:12.966410+03:00] flutterwave/rave.NOTICE: Generated Reference Number....MICKEY_5a22a7f270abc8879 [] []
[2022-01-14T15:09:12.966469+03:00] flutterwave/rave.NOTICE: Rave Class Initializes.... [] []
[2022-01-14T15:09:12.966531+03:00] flutterwave/rave.NOTICE: Generating Checksum.... [] []
[2022-01-14T15:11:30.026269+03:00] flutterwave/rave.NOTICE: Generating Reference Number.... [] []
[2022-01-14T15:11:30.026827+03:00] flutterwave/rave.NOTICE: Generated Reference Number....TP_61e16872068b3 [] []
[2022-01-14T15:11:30.026976+03:00] flutterwave/rave.NOTICE: Rave Class Initializes.... [] []
[2022-01-14T15:11:30.027069+03:00] flutterwave/rave.NOTICE: Payment completed. Now requerying payment. [] []
[2022-01-14T15:11:30.027121+03:00] flutterwave/rave.NOTICE: Requerying Transaction....2822521 [] []
[2022-01-14T15:11:30.869925+03:00] flutterwave/rave.NOTICE: Requeryed a successful transaction....{"id":2822521,"tx_ref":"MICKEY_5a22a7f270abc8879","flw_ref":"3923613915","device_fingerprint":"c4b26a9b0912c1aba8f713b8e775e2ae","amount":200,"currency":"KES","charged_amount":200,"app_fee":5.8,"merchant_fee":0,"processor_response":"Successful","auth_model":"LIPA_MPESA","ip":"105.163.1.14","narration":"FLW-PBF MPESA Transaction ","status":"successful","payment_type":"mpesa","created_at":"2022-01-14T12:11:18.000Z","account_id":1314120,"meta":{"__CheckoutInitAddress":"http:\/\/localhost:4000\/processPayment.php"},"amount_settled":194.2,"customer":{"id":1491222,"name":"Mickey Orwa","phone_number":"254798184724","email":"mjoel4708@gmail.com","created_at":"2022-01-14T12:07:25.000Z"}} [] []
