[2022-02-22T09:20:49.056795+01:00] flutterwave/rave.NOTICE: Generating Reference Number.... [] []
[2022-02-22T09:20:49.150737+01:00] flutterwave/rave.NOTICE: Generated Reference Number....TP_62149ce124bb1 [] []
[2022-02-22T09:20:49.151357+01:00] flutterwave/rave.NOTICE: Rave Class Initializes.... [] []
[2022-02-22T09:21:29.830181+01:00] flutterwave/rave.NOTICE: Generating Reference Number.... [] []
[2022-02-22T09:21:29.832840+01:00] flutterwave/rave.NOTICE: Generated Reference Number....JP_5a22a7f270abc8879 [] []
[2022-02-22T09:21:29.832954+01:00] flutterwave/rave.NOTICE: Rave Class Initializes.... [] []
[2022-02-22T09:21:29.833456+01:00] flutterwave/rave.NOTICE: Generating Checksum.... [] []
[2022-02-22T09:22:04.785275+01:00] flutterwave/rave.NOTICE: Generating Reference Number.... [] []
[2022-02-22T09:22:04.789462+01:00] flutterwave/rave.NOTICE: Generated Reference Number....TP_62149d2cc0bc3 [] []
[2022-02-22T09:22:04.789560+01:00] flutterwave/rave.NOTICE: Rave Class Initializes.... [] []
[2022-02-22T09:22:04.789649+01:00] flutterwave/rave.NOTICE: Payment was canceled by user..TP_62149d2cc0bc3 [] []
[2022-02-22T09:30:32.888992+01:00] flutterwave/rave.NOTICE: Generating Reference Number.... [] []
[2022-02-22T09:30:32.897829+01:00] flutterwave/rave.NOTICE: Generated Reference Number....JP_5a22a7f270abc8879 [] []
[2022-02-22T09:30:32.897904+01:00] flutterwave/rave.NOTICE: Rave Class Initializes.... [] []
[2022-02-22T09:30:32.897962+01:00] flutterwave/rave.NOTICE: Generating Checksum.... [] []
[2022-02-22T09:31:49.857656+01:00] flutterwave/rave.NOTICE: Generating Reference Number.... [] []
[2022-02-22T09:31:49.863962+01:00] flutterwave/rave.NOTICE: Generated Reference Number....JN_5a22a7f270abc8879 [] []
[2022-02-22T09:31:49.864067+01:00] flutterwave/rave.NOTICE: Rave Class Initializes.... [] []
[2022-02-22T09:31:49.864185+01:00] flutterwave/rave.NOTICE: Generating Checksum.... [] []
[2022-02-22T09:32:55.789877+01:00] flutterwave/rave.NOTICE: Generating Reference Number.... [] []
[2022-02-22T09:32:55.792063+01:00] flutterwave/rave.NOTICE: Generated Reference Number....JN_5a22a7f270abc8879 [] []
[2022-02-22T09:32:55.792122+01:00] flutterwave/rave.NOTICE: Rave Class Initializes.... [] []
[2022-02-22T09:32:55.792168+01:00] flutterwave/rave.NOTICE: Generating Checksum.... [] []
